\BOOKMARK [1][-]{section.1}{\376\377\000P\000r\000o\000j\000e\000c\000t\000\040\000P\000l\000a\000n}{}% 1
\BOOKMARK [1][-]{section.2}{\376\377\000M\000e\000e\000t\000i\000n\000g\000\040\000N\000o\000t\000e\000s}{}% 2
\BOOKMARK [2][-]{subsection.2.1}{\376\377\000\040\000f\000o\000r\000\040\000n\000e\000x\000t\000\040\000m\000e\000e\000t\000i\000n\000g\000,\000\040\000J\000a\000n\000\040\0001\0007\000\040}{section.2}% 3
\BOOKMARK [2][-]{subsection.2.2}{\376\377\000D\000u\000r\000i\000n\000g\000\040\000n\000e\000x\000t\000\040\000m\000e\000e\000t\000i\000n\000g}{section.2}% 4
\BOOKMARK [1][-]{section.3}{\376\377\000I\000n\000t\000r\000o\000d\000u\000c\000t\000i\000o\000n}{}% 5
\BOOKMARK [1][-]{section.4}{\376\377\000B\000a\000c\000k\000g\000r\000o\000u\000n\000d\000\040\000a\000n\000d\000\040\000D\000i\000a\000g\000n\000o\000s\000t\000i\000c}{}% 6
\BOOKMARK [2][-]{subsection.4.1}{\376\377\000B\000r\000a\000i\000n\000s\000t\000o\000r\000m\000i\000n\000g\000\040}{section.4}% 7
\BOOKMARK [3][-]{subsubsection.4.1.1}{\376\377\000I\000d\000e\000a\000\040\0001\000:\000\040\000S\000e\000l\000f\000-\000d\000r\000i\000v\000i\000n\000g\000\040\000c\000a\000r\000s}{subsection.4.1}% 8
\BOOKMARK [3][-]{subsubsection.4.1.2}{\376\377\000I\000d\000e\000a\000\040\0002\000:\000\040\000I\000n\000c\000o\000r\000p\000o\000r\000a\000t\000i\000n\000g\000\040\000c\000a\000r\000\040\000o\000w\000n\000e\000r\000s\000h\000i\000p}{subsection.4.1}% 9
\BOOKMARK [3][-]{subsubsection.4.1.3}{\376\377\000I\000d\000e\000a\000\040\0003\000:\000\040}{subsection.4.1}% 10
\BOOKMARK [3][-]{subsubsection.4.1.4}{\376\377\000I\000d\000e\000a\000\040\0004\000:\000\040\000C\000r\000i\000m\000e\000\040\000\040\000C\000o\000m\000m\000u\000t\000i\000n\000g}{subsection.4.1}% 11
\BOOKMARK [3][-]{subsubsection.4.1.5}{\376\377\000I\000d\000e\000a\000\040\0005\000:\000\040\000W\000e\000a\000t\000h\000e\000r\000,\000\040\000C\000o\000m\000m\000u\000t\000i\000n\000g\000\040\000C\000o\000s\000t\000s\000,\000\040\000a\000n\000d\000\040\000C\000l\000i\000m\000a\000t\000e\000\040\000C\000h\000a\000n\000g\000e}{subsection.4.1}% 12
\BOOKMARK [3][-]{subsubsection.4.1.6}{\376\377\000I\000d\000e\000a\000\040\0006\000:\000\040\000Z\000o\000n\000i\000n\000g\000\040\000i\000n\000\040\000c\000a\000r\000\040\000c\000i\000t\000i\000e\000s\000\040\000v\000s\000\040\000w\000a\000l\000k\000a\000b\000l\000e\000\040\000c\000i\000t\000i\000e\000s}{subsection.4.1}% 13
\BOOKMARK [3][-]{subsubsection.4.1.7}{\376\377\000I\000d\000e\000a\000\040\0007\000:\000\040\000D\000i\000s\000t\000r\000i\000b\000u\000t\000i\000o\000n\000a\000l\000\040\000E\000f\000e\000c\000t\000s\000\040\000o\000f\000\040\000p\000a\000r\000k\000i\000n\000g\000\040\000r\000e\000q\000u\000i\000r\000e\000m\000e\000n\000t\000s}{subsection.4.1}% 14
\BOOKMARK [3][-]{subsubsection.4.1.8}{\376\377\000I\000d\000e\000a\000\040\0008\000:\000\040\000C\000a\000r\000\040\000s\000a\000f\000e\000t\000y\000\040\000a\000n\000d\000\040\000c\000o\000m\000m\000u\000t\000i\000n\000g}{subsection.4.1}% 15
\BOOKMARK [3][-]{subsubsection.4.1.9}{\376\377\000Y\000u\000l\000i\000a\000'\000s\000\040\000I\000d\000e\000a\000s}{subsection.4.1}% 16
\BOOKMARK [3][-]{subsubsection.4.1.10}{\376\377\000H\000e\000n\000r\000i\000q\000u\000e}{subsection.4.1}% 17
\BOOKMARK [1][-]{section.5}{\376\377\000M\000o\000d\000e\000l}{}% 18
\BOOKMARK [2][-]{subsection.5.1}{\376\377\000J\000e\000f\000f\000'\000s\000\040\000n\000o\000t\000e\000s\000\040\000o\000n\000\040\000M\000o\000n\000t\000e\000\040\000e\000t\000\040\000a\000l\000\040\000m\000o\000d\000e\000l}{section.5}% 19
\BOOKMARK [2][-]{subsection.5.2}{\376\377\000M\000a\000p\000p\000i\000n\000g\000\040\000M\000o\000n\000t\000e\000\040\000e\000t\000\040\000a\000l\000\040\000t\000o\000\040\000R\000e\000d\000d\000i\000n\000g\000\040\000R\000o\000s\000s\000i\000\040\000H\000a\000n\000s\000b\000e\000r\000g\000\040\0002\0000\0001\0007}{section.5}% 20
\BOOKMARK [3][-]{subsubsection.5.2.1}{\376\377\000S\000i\000m\000p\000l\000i\000f\000i\000c\000a\000t\000i\000o\000n\000s\000\040\000t\000o\000\040\000M\000o\000n\000t\000e\000\040\000e\000t\000\040\000a\000l}{subsection.5.2}% 21
\BOOKMARK [3][-]{subsubsection.5.2.2}{\376\377\000M\000o\000n\000t\000e\000\040\000e\000t\000\040\000a\000l\000\040\000a\000n\000d\000\040\000t\000h\000e\000\040\000D\000a\000t\000a}{subsection.5.2}% 22
\BOOKMARK [3][-]{subsubsection.5.2.3}{\376\377\000T\000a\000k\000i\000n\000g\000\040\000t\000h\000e\000\040\000m\000o\000d\000e\000l\000\040\000t\000o\000\040\000t\000h\000e\000\040\000d\000a\000t\000a}{subsection.5.2}% 23
\BOOKMARK [3][-]{subsubsection.5.2.4}{\376\377\000H\000o\000w\000\040\000d\000o\000\040\000c\000o\000u\000n\000t\000e\000r\000f\000a\000c\000t\000u\000a\000l\000s\000\040\000w\000o\000r\000k\000\040\000/\000\040\000E\000x\000a\000c\000t\000-\000H\000a\000t\000\040\000N\000o\000t\000a\000t\000i\000o\000n\000\040}{subsection.5.2}% 24
\BOOKMARK [1][-]{section.6}{\376\377\000D\000a\000t\000a\000\040\000a\000n\000d\000\040\000E\000s\000t\000i\000m\000a\000t\000i\000o\000n}{}% 25
\BOOKMARK [1][-]{section.7}{\376\377\000C\000o\000u\000n\000t\000e\000r\000f\000a\000c\000t\000u\000a\000l}{}% 26
\BOOKMARK [1][-]{section.8}{\376\377\000A\000p\000p\000e\000n\000d\000i\000x}{}% 27
